#
# There is insufficient memory for the Java Runtime Environment to continue.
# Native memory allocation (malloc) failed to allocate 1048576 bytes for AllocateHeap
# Possible reasons:
#   The system is out of physical RAM or swap space
#   In 32 bit mode, the process size limit was hit
# Possible solutions:
#   Reduce memory load on the system
#   Increase physical memory or swap space
#   Check if swap backing store is full
#   Use 64 bit Java on a 64 bit OS
#   Decrease Java heap size (-Xmx/-Xms)
#   Decrease number of Java threads
#   Decrease Java thread stack sizes (-Xss)
#   Set larger code cache with -XX:ReservedCodeCacheSize=
# This output file may be truncated or incomplete.
#
#  Out of Memory Error (memory/allocation.inline.hpp:61), pid=4644, tid=8952
#
# JRE version:  (8.0_71-b15) (build )
# Java VM: Java HotSpot(TM) 64-Bit Server VM (25.71-b15 mixed mode windows-amd64 compressed oops)
# Failed to write core dump. Minidumps are not enabled by default on client versions of Windows
#

---------------  T H R E A D  ---------------

Current thread (0x000000000139d800):  JavaThread "Unknown thread" [_thread_in_vm, id=8952, stack(0x0000000002b30000,0x0000000002c30000)]

Stack: [0x0000000002b30000,0x0000000002c30000]
[error occurred during error reporting (printing stack bounds), id 0xc0000005]

Native frames: (J=compiled Java code, j=interpreted, Vv=VM code, C=native code)


---------------  P R O C E S S  ---------------

Java Threads: ( => current thread )

Other Threads:

=>0x000000000139d800 (exited) JavaThread "Unknown thread" [_thread_in_vm, id=8952, stack(0x0000000002b30000,0x0000000002c30000)]

VM state:not at safepoint (normal execution)

VM Mutex/Monitor currently owned by a thread: None

Heap:
 PSYoungGen      total 4608K, used 81K [0x00000000ffb00000, 0x0000000100000000, 0x0000000100000000)
  eden space 4096K, 2% used [0x00000000ffb00000,0x00000000ffb147b8,0x00000000fff00000)
  from space 512K, 0% used [0x00000000fff80000,0x00000000fff80000,0x0000000100000000)
  to   space 512K, 0% used [0x00000000fff00000,0x00000000fff00000,0x00000000fff80000)
 ParOldGen       total 11264K, used 0K [0x00000000ff000000, 0x00000000ffb00000, 0x00000000ffb00000)
  object space 11264K, 0% used [0x00000000ff000000,0x00000000ff000000,0x00000000ffb00000)
 Metaspace       used 769K, capacity 4480K, committed 4480K, reserved 1056768K
  class space    used 75K, capacity 384K, committed 384K, reserved 1048576K

Card table byte_map: [0x00000000013e0000,0x00000000013f0000] byte_map_base: 0x0000000000be8000

Marking Bits: (ParMarkBitMap*) 0x000000005ca1f600
 Begin Bits: [0x00000000124f0000, 0x0000000012530000)
 End Bits:   [0x0000000012530000, 0x0000000012570000)

Polling page: 0x00000000013b0000

CodeCache: size=245760Kb used=328Kb max_used=328Kb free=245431Kb
 bounds [0x0000000002d30000, 0x0000000002fa0000, 0x0000000011d30000]
 total_blobs=57 nmethods=0 adapters=37
 compilation: enabled

Compilation events (0 events):
No events

GC Heap History (0 events):
No events

Deoptimization events (0 events):
No events

Internal exceptions (0 events):
No events

Events (10 events):
Event: 0.033 loading class java/lang/Short
Event: 0.034 loading class java/lang/Short done
Event: 0.034 loading class java/lang/Integer
Event: 0.034 loading class java/lang/Integer done
Event: 0.034 loading class java/lang/Long
Event: 0.034 loading class java/lang/Long done
Event: 0.035 loading class java/lang/NullPointerException
Event: 0.035 loading class java/lang/NullPointerException done
Event: 0.035 loading class java/lang/ArithmeticException
Event: 0.035 loading class java/lang/ArithmeticException done


Dynamic libraries:
0x00007ff6339c0000 - 0x00007ff6339f7000 	C:\Program Files\Java\jdk1.8.0_71\bin\javaw.exe
0x00007ffd8af60000 - 0x00007ffd8b10d000 	C:\Windows\SYSTEM32\ntdll.dll
0x00007ffd8a1d0000 - 0x00007ffd8a30a000 	C:\Windows\system32\KERNEL32.DLL
0x00007ffd88280000 - 0x00007ffd88395000 	C:\Windows\system32\KERNELBASE.dll
0x00007ffd86cc0000 - 0x00007ffd86d48000 	C:\Windows\system32\apphelp.dll
0x00007ffd63620000 - 0x00007ffd6366f000 	C:\Windows\AppPatch\AppPatch64\AcGenral.DLL
0x00007ffd8a670000 - 0x00007ffd8a717000 	C:\Windows\system32\msvcrt.dll
0x00007ffd87f30000 - 0x00007ffd87f5e000 	C:\Windows\SYSTEM32\SspiCli.dll
0x00007ffd8a610000 - 0x00007ffd8a661000 	C:\Windows\system32\SHLWAPI.dll
0x00007ffd89e50000 - 0x00007ffd89fc7000 	C:\Windows\system32\USER32.dll
0x00007ffd8ab00000 - 0x00007ffd8ac94000 	C:\Windows\system32\ole32.dll
0x00007ffd88920000 - 0x00007ffd89e49000 	C:\Windows\system32\SHELL32.dll
0x00007ffd876d0000 - 0x00007ffd876ee000 	C:\Windows\SYSTEM32\USERENV.dll
0x00007ffd8a720000 - 0x00007ffd8a7ca000 	C:\Windows\system32\ADVAPI32.dll
0x00007ffd802c0000 - 0x00007ffd802db000 	C:\Windows\SYSTEM32\MPR.dll
0x00007ffd8a930000 - 0x00007ffd8aa66000 	C:\Windows\system32\RPCRT4.dll
0x00007ffd8aaa0000 - 0x00007ffd8aaf7000 	C:\Windows\SYSTEM32\sechost.dll
0x00007ffd8a3f0000 - 0x00007ffd8a602000 	C:\Windows\SYSTEM32\combase.dll
0x00007ffd8ae10000 - 0x00007ffd8af5b000 	C:\Windows\system32\GDI32.dll
0x00007ffd88100000 - 0x00007ffd88114000 	C:\Windows\SYSTEM32\profapi.dll
0x00007ffd866b0000 - 0x00007ffd8674f000 	C:\Windows\SYSTEM32\SHCORE.dll
0x00007ffd89fd0000 - 0x00007ffd8a004000 	C:\Windows\system32\IMM32.DLL
0x00007ffd8a7d0000 - 0x00007ffd8a921000 	C:\Windows\system32\MSCTF.dll
0x00007ffd85b80000 - 0x00007ffd85dfb000 	C:\Windows\WinSxS\amd64_microsoft.windows.common-controls_6595b64144ccf1df_6.0.9600.18006_none_623f33d3ecbe86e8\COMCTL32.dll
0x000000005c060000 - 0x000000005c132000 	C:\Program Files\Java\jdk1.8.0_71\jre\bin\msvcr100.dll
0x000000005c210000 - 0x000000005ca9f000 	C:\Program Files\Java\jdk1.8.0_71\jre\bin\server\jvm.dll
0x00007ffd7dad0000 - 0x00007ffd7dad9000 	C:\Windows\SYSTEM32\WSOCK32.dll
0x00007ffd7d9a0000 - 0x00007ffd7d9bf000 	C:\Windows\SYSTEM32\WINMM.dll
0x00007ffd81350000 - 0x00007ffd8135a000 	C:\Windows\SYSTEM32\VERSION.dll
0x00007ffd8aa70000 - 0x00007ffd8aa77000 	C:\Windows\system32\PSAPI.DLL
0x00007ffd8ad40000 - 0x00007ffd8ad9a000 	C:\Windows\system32\WS2_32.dll
0x00007ffd7d880000 - 0x00007ffd7d8aa000 	C:\Windows\SYSTEM32\WINMMBASE.dll
0x00007ffd8a3e0000 - 0x00007ffd8a3e9000 	C:\Windows\system32\NSI.dll
0x00007ffd881d0000 - 0x00007ffd8821a000 	C:\Windows\SYSTEM32\cfgmgr32.dll
0x00007ffd86f40000 - 0x00007ffd86f66000 	C:\Windows\SYSTEM32\DEVOBJ.dll
0x000000005c200000 - 0x000000005c20f000 	C:\Program Files\Java\jdk1.8.0_71\jre\bin\verify.dll
0x000000005c1d0000 - 0x000000005c1f9000 	C:\Program Files\Java\jdk1.8.0_71\jre\bin\java.dll
0x000000005c1b0000 - 0x000000005c1c6000 	C:\Program Files\Java\jdk1.8.0_71\jre\bin\zip.dll

VM Arguments:
jvm_args: -Xmx16m 
java_command: org.eclipse.jdt.internal.launching.support.LibraryDetector
java_class_path (initial): C:\Users\Kasun\AppData\Roaming\Code\User\globalStorage\redhat.java\1.21.0\config_win\org.eclipse.osgi\52\0\.cp\lib\launchingsupport.jar
Launcher Type: SUN_STANDARD

Environment Variables:
JAVA_HOME=C:\Program Files\Java\jdk1.8.0_71
PATH=C:\Program Files (x86)\Intel\iCLS Client\;C:\Program Files\Intel\iCLS Client\;C:\ProgramData\Oracle\Java\javapath;C:\Windows\system32;C:\Windows;C:\Windows\System32\Wbem;C:\Windows\System32\WindowsPowerShell\v1.0\;C:\Program Files\Java\jdk1.8.0_71\bin;C:\Program Files\MySQL\MySQL Server 5.7\bin;C:\Program Files\Intel\Intel(R) Management Engine Components\DAL;C:\Program Files\Intel\Intel(R) Management Engine Components\IPT;C:\Program Files (x86)\Intel\Intel(R) Management Engine Components\DAL;C:\Program Files (x86)\Intel\Intel(R) Management Engine Components\IPT;C:\Users\Kasun\Documents\apache-maven-3.5.4\bin;c:\Program Files (x86)\Common Files\Ulead Systems\MPEG;C:\Program Files\MongoDB\Server\4.2\bin;C:\Program Files\Git\cmd;C:\Users\Kasun\AppData\Roaming\nvm;C:\Program Files\nodejs;C:\Users\Kasun\AppData\Local\GitHubDesktop\bin;C:\Users\Kasun\AppData\Local\Programs\Microsoft VS Code\bin;C:\xampp\php;C:\Users\Kasun\AppData\Local\ComposerSetup\bin;C:\Users\Kasun\AppData\Roaming\Composer\vendor\bin;C:\Program Files\JetBrains\IntelliJ IDEA 2021.1.1\bin;;C:\Users\Kasun\AppData\Roaming\nvm;C:\Program Files\nodejs
USERNAME=Kasun
OS=Windows_NT
PROCESSOR_IDENTIFIER=Intel64 Family 6 Model 58 Stepping 9, GenuineIntel



---------------  S Y S T E M  ---------------

OS: Windows 8.1 , 64 bit Build 9600 (6.3.9600.17056)

CPU:total 4 (2 cores per cpu, 2 threads per core) family 6 model 58 stepping 9, cmov, cx8, fxsr, mmx, sse, sse2, sse3, ssse3, sse4.1, sse4.2, popcnt, avx, clmul, erms, ht, tsc, tscinvbit, tscinv

Memory: 4k page, physical 8082972k(1498164k free), swap 11228704k(12480k free)

vm_info: Java HotSpot(TM) 64-Bit Server VM (25.71-b15) for windows-amd64 JRE (1.8.0_71-b15), built on Dec 22 2015 18:15:55 by "java_re" with MS VC++ 10.0 (VS2010)

time: Sat Sep 09 15:01:14 2023
elapsed time: 0 seconds (0d 0h 0m 0s)

